<?xml version="1.0" encoding="UTF-8"?>
<!-- Generated by org.testng.reporters.JUnitReportReporter -->
<testsuite hostname="LAPTOP-JC2DPRUQ" failures="0" tests="1" name="com.ass.one.TestngOne" time="64.834" errors="0" timestamp="2023-03-14T15:33:55 IST" skipped="0">
  <testcase classname="com.ass.one.TestngOne" name="T03_backForwardRefreshExample" time="64.834"/>
  <system-out/>
</testsuite> <!-- com.ass.one.TestngOne -->
